[03-05-2024 14:32:40.735 INFO testcase.Testcase_Register_Page] - Testcase 01 --- Register with empty data ---
[03-05-2024 14:32:40.738 INFO testcase.Testcase_Register_Page] - Testcase 01 - Step 01: Open Nopcommerce Page
[03-05-2024 14:32:42.543 INFO testcase.Testcase_Register_Page] - Testcase 02 --- Register with invalid email ---
[03-05-2024 14:32:43.402 INFO testcase.Testcase_Register_Page] - Testcase 03 --- Register successfully ---
[03-05-2024 14:32:45.958 INFO testcase.Testcase_Register_Page] - Testcase 04 --- Register with duplicate email ---
[03-05-2024 14:32:47.310 INFO testcase.Testcase_Register_Page] - Testcase 05 --- Register with password less than 6 characters ---
[03-05-2024 14:32:47.779 INFO testcase.Testcase_Register_Page] - Testcase 06 --- Register with confirm password not match password ---
[03-05-2024 14:32:49.161 INFO testcase.Testcase_Login_Page] -  ----- Preconditons: Open Home Page ----- 
[03-05-2024 14:32:50.557 INFO testcase.Testcase_Login_Page] - Testcase 01 --- Login with empty data ---
[03-05-2024 14:32:50.707 INFO testcase.Testcase_Login_Page] - Testcase 02 --- Login with empty email ---
[03-05-2024 14:32:51.243 INFO testcase.Testcase_Login_Page] - Testcase 03 --- Login with email not register ---
[03-05-2024 14:32:52.023 INFO testcase.Testcase_Login_Page] - Testcase 04 --- Login with email registered and not input password ---
[03-05-2024 14:32:52.832 INFO testcase.Testcase_Login_Page] - Testcase 05 --- Login with email registered and password incorrect ---
[03-05-2024 14:32:53.729 INFO testcase.Testcase_Login_Page] - Testcase 06 --- Login with correct email and correct password ---
[03-05-2024 14:32:55.704 INFO testcase.Testcase_MyAccount_Page] -  ----- Preconditons: Open Home Page ----- 
[03-05-2024 14:32:56.647 INFO testcase.Testcase_MyAccount_Page] -  ----- Preconditons: Navigate to Login Page ----- 
[03-05-2024 14:32:57.108 INFO testcase.Testcase_MyAccount_Page] -  ----- Preconditons: Login to Home Page ----- 
[03-05-2024 14:32:57.992 INFO testcase.Testcase_MyAccount_Page] - Testcase 01 --- Update information user ---
[03-05-2024 14:32:59.598 INFO testcase.Testcase_MyAccount_Page] - Testcase 01 --- Verify information user ---
[03-05-2024 14:33:00.107 INFO testcase.Testcase_MyAccount_Page] - Testcase 02 --- My account - Add new address ---
[03-05-2024 14:33:02.921 INFO testcase.Testcase_MyAccount_Page] - Testcase 02 --- Verify Add Address Successfully ---
[03-05-2024 14:33:03.358 INFO testcase.Testcase_MyAccount_Page] - Testcase 03 --- My account - Change password ---
[03-05-2024 14:33:05.501 INFO testcase.Testcase_MyAccount_Page] - Testcase 03 - Login - Input new email after update Customer Info
[03-05-2024 14:33:05.629 INFO testcase.Testcase_MyAccount_Page] - Testcase 03 - Login - Input old password to textbox
[03-05-2024 14:33:06.448 INFO testcase.Testcase_MyAccount_Page] - Testcase 03 - Login - Input new email after update Customer Info
[03-05-2024 14:33:06.561 INFO testcase.Testcase_MyAccount_Page] - Testcase 03 - Login - Input new password after change password
[03-05-2024 14:33:07.613 INFO testcase.Testcase_MyAccount_Page] - Testcase 04 --- My account - My product reviews ---
[03-05-2024 14:34:49.353 INFO testcase.Testcase_Register_Page] - Testcase 01 --- Register with empty data ---
[03-05-2024 14:34:49.356 INFO testcase.Testcase_Register_Page] - Testcase 01 - Step 01: Open Nopcommerce Page
[03-05-2024 14:34:51.147 INFO testcase.Testcase_Register_Page] - Testcase 02 --- Register with invalid email ---
[03-05-2024 14:34:51.988 INFO testcase.Testcase_Register_Page] - Testcase 03 --- Register successfully ---
[03-05-2024 14:34:54.408 INFO testcase.Testcase_Register_Page] - Testcase 04 --- Register with duplicate email ---
[03-05-2024 14:34:55.657 INFO testcase.Testcase_Register_Page] - Testcase 05 --- Register with password less than 6 characters ---
[03-05-2024 14:34:56.099 INFO testcase.Testcase_Register_Page] - Testcase 06 --- Register with confirm password not match password ---
[03-05-2024 14:34:56.695 INFO testcase.Testcase_Register_Page] - --------- PASSED ---------
[03-05-2024 14:34:57.449 INFO testcase.Testcase_Login_Page] -  ----- Preconditons: Open Home Page ----- 
[03-05-2024 14:34:58.939 INFO testcase.Testcase_Login_Page] - Testcase 01 --- Login with empty data ---
[03-05-2024 14:34:59.080 INFO testcase.Testcase_Login_Page] - Testcase 02 --- Login with empty email ---
[03-05-2024 14:34:59.636 INFO testcase.Testcase_Login_Page] - Testcase 03 --- Login with email not register ---
[03-05-2024 14:35:00.423 INFO testcase.Testcase_Login_Page] - Testcase 04 --- Login with email registered and not input password ---
[03-05-2024 14:35:01.272 INFO testcase.Testcase_Login_Page] - Testcase 05 --- Login with email registered and password incorrect ---
[03-05-2024 14:35:02.252 INFO testcase.Testcase_Login_Page] - Testcase 06 --- Login with correct email and correct password ---
[03-05-2024 14:35:04.219 INFO testcase.Testcase_MyAccount_Page] -  ----- Preconditons: Open Home Page ----- 
[03-05-2024 14:35:05.172 INFO testcase.Testcase_MyAccount_Page] -  ----- Preconditons: Navigate to Login Page ----- 
[03-05-2024 14:35:05.617 INFO testcase.Testcase_MyAccount_Page] -  ----- Preconditons: Login to Home Page ----- 
[03-05-2024 14:35:06.525 INFO testcase.Testcase_MyAccount_Page] - Testcase 01 --- Update information user ---
[03-05-2024 14:35:07.998 INFO testcase.Testcase_MyAccount_Page] - Testcase 01 --- Verify information user ---
[03-05-2024 14:35:08.506 INFO testcase.Testcase_MyAccount_Page] - Testcase 02 --- My account - Add new address ---
[03-05-2024 14:35:10.604 INFO testcase.Testcase_MyAccount_Page] - Testcase 02 --- Verify Add Address Successfully ---
[03-05-2024 14:35:11.025 INFO testcase.Testcase_MyAccount_Page] - Testcase 03 --- My account - Change password ---
[03-05-2024 14:35:13.041 INFO testcase.Testcase_MyAccount_Page] - Testcase 03 - Login - Input new email after update Customer Info
[03-05-2024 14:35:13.154 INFO testcase.Testcase_MyAccount_Page] - Testcase 03 - Login - Input old password to textbox
[03-05-2024 14:35:13.958 INFO testcase.Testcase_MyAccount_Page] - Testcase 03 - Login - Input new email after update Customer Info
[03-05-2024 14:35:14.074 INFO testcase.Testcase_MyAccount_Page] - Testcase 03 - Login - Input new password after change password
[03-05-2024 14:35:15.124 INFO testcase.Testcase_MyAccount_Page] - Testcase 04 --- My account - My product reviews ---
[03-05-2024 14:46:03.223 INFO testcase.Testcase_Register_Page] - Testcase 01 --- Register with empty data ---
[03-05-2024 14:46:03.226 INFO testcase.Testcase_Register_Page] - Testcase 01 - Step 01: Open Nopcommerce Page
[03-05-2024 14:46:05.397 INFO testcase.Testcase_Register_Page] - --------- PASSED ---------
[03-05-2024 14:46:05.470 INFO testcase.Testcase_Register_Page] - Testcase 02 --- Register with invalid email ---
[03-05-2024 14:46:06.359 INFO testcase.Testcase_Register_Page] - --------- PASSED ---------
[03-05-2024 14:46:06.363 INFO testcase.Testcase_Register_Page] - Testcase 03 --- Register successfully ---
[03-05-2024 14:46:07.847 INFO testcase.Testcase_Register_Page] - --------- PASSED ---------
[03-05-2024 14:46:08.853 INFO testcase.Testcase_Register_Page] - Testcase 04 --- Register with duplicate email ---
[03-05-2024 14:46:10.063 INFO testcase.Testcase_Register_Page] - --------- PASSED ---------
[03-05-2024 14:46:10.068 INFO testcase.Testcase_Register_Page] - Testcase 05 --- Register with password less than 6 characters ---
[03-05-2024 14:46:10.511 INFO testcase.Testcase_Register_Page] - Testcase 05 - Step 04: Verify displays error message input Password less than 6 characters
[03-05-2024 14:46:25.656 INFO testcase.Testcase_Register_Page] - Testcase 06 --- Register with confirm password not match password ---
[03-05-2024 14:46:26.261 INFO testcase.Testcase_Register_Page] - --------- PASSED ---------
[03-05-2024 14:46:27.035 INFO testcase.Testcase_Login_Page] -  ----- Preconditons: Open Home Page ----- 
[03-05-2024 14:46:28.481 INFO testcase.Testcase_Login_Page] - Testcase 01 --- Login with empty data ---
[03-05-2024 14:46:28.631 INFO testcase.Testcase_Login_Page] - Testcase 02 --- Login with empty email ---
[03-05-2024 14:46:29.200 INFO testcase.Testcase_Login_Page] - Testcase 03 --- Login with email not register ---
[03-05-2024 14:46:30.015 INFO testcase.Testcase_Login_Page] - Testcase 04 --- Login with email registered and not input password ---
[03-05-2024 14:46:30.867 INFO testcase.Testcase_Login_Page] - Testcase 05 --- Login with email registered and password incorrect ---
[03-05-2024 14:46:31.817 INFO testcase.Testcase_Login_Page] - Testcase 06 --- Login with correct email and correct password ---
[03-05-2024 14:46:33.802 INFO testcase.Testcase_MyAccount_Page] -  ----- Preconditons: Open Home Page ----- 
[03-05-2024 14:46:34.765 INFO testcase.Testcase_MyAccount_Page] -  ----- Preconditons: Navigate to Login Page ----- 
[03-05-2024 14:46:35.224 INFO testcase.Testcase_MyAccount_Page] -  ----- Preconditons: Login to Home Page ----- 
[03-05-2024 14:46:36.092 INFO testcase.Testcase_MyAccount_Page] - Testcase 01 --- Update information user ---
[03-05-2024 14:46:37.612 INFO testcase.Testcase_MyAccount_Page] - Testcase 01 --- Verify information user ---
[03-05-2024 14:46:38.115 INFO testcase.Testcase_MyAccount_Page] - Testcase 02 --- My account - Add new address ---
[03-05-2024 14:46:40.217 INFO testcase.Testcase_MyAccount_Page] - Testcase 02 --- Verify Add Address Successfully ---
[03-05-2024 14:46:40.651 INFO testcase.Testcase_MyAccount_Page] - Testcase 03 --- My account - Change password ---
[03-05-2024 14:46:42.719 INFO testcase.Testcase_MyAccount_Page] - Testcase 03 - Login - Input new email after update Customer Info
[03-05-2024 14:46:42.838 INFO testcase.Testcase_MyAccount_Page] - Testcase 03 - Login - Input old password to textbox
[03-05-2024 14:46:43.635 INFO testcase.Testcase_MyAccount_Page] - Testcase 03 - Login - Input new email after update Customer Info
[03-05-2024 14:46:43.749 INFO testcase.Testcase_MyAccount_Page] - Testcase 03 - Login - Input new password after change password
[03-05-2024 14:46:44.784 INFO testcase.Testcase_MyAccount_Page] - Testcase 04 --- My account - My product reviews ---
