[05-06-2024 18:27:37.537 INFO testcase.TestRegisterPage] - Testcase 01 --- Register with empty data ---
[05-06-2024 18:27:37.543 INFO testcase.TestRegisterPage] - Testcase 01 - Step 01: Open Nopcommerce Page
[05-06-2024 18:27:39.362 INFO testcase.TestRegisterPage] - --------- PASSED ---------
[05-06-2024 18:27:39.428 INFO testcase.TestRegisterPage] - Testcase 02 --- Register with invalid email ---
[05-06-2024 18:27:40.366 INFO testcase.TestRegisterPage] - --------- PASSED ---------
[05-06-2024 18:27:40.371 INFO testcase.TestRegisterPage] - Testcase 03 --- Register successfully ---
[05-06-2024 18:27:42.009 INFO testcase.TestRegisterPage] - --------- PASSED ---------
[05-06-2024 18:27:43.097 INFO testcase.TestRegisterPage] - Testcase 04 --- Register with duplicate email ---
[05-06-2024 18:27:44.484 INFO testcase.TestRegisterPage] - --------- PASSED ---------
[05-06-2024 18:27:44.487 INFO testcase.TestRegisterPage] - Testcase 05 --- Register with password less than 6 characters ---
[05-06-2024 18:27:45.023 INFO testcase.TestRegisterPage] - Testcase 06 --- Register with confirm password not match password ---
[05-06-2024 18:27:45.693 INFO testcase.TestRegisterPage] - --------- PASSED ---------
[05-06-2024 18:27:47.261 INFO testcase.TestLoginPage] -  ----- Preconditons: Open Home Page ----- 
[05-06-2024 18:27:48.952 INFO testcase.TestLoginPage] - Testcase 01 --- Login with empty data ---
[05-06-2024 18:27:49.135 INFO testcase.TestLoginPage] - Testcase 02 --- Login with empty email ---
[05-06-2024 18:27:49.715 INFO testcase.TestLoginPage] - Testcase 03 --- Login with email not register ---
[05-06-2024 18:27:50.571 INFO testcase.TestLoginPage] - Testcase 04 --- Login with email registered and not input password ---
[05-06-2024 18:27:51.479 INFO testcase.TestLoginPage] - Testcase 05 --- Login with email registered and password incorrect ---
[05-06-2024 18:27:52.627 INFO testcase.TestLoginPage] - Testcase 06 --- Login with correct email and correct password ---
[05-06-2024 18:27:55.361 INFO testcase.TestMyAccountPage] -  ----- Preconditons: Open Home Page ----- 
[05-06-2024 18:27:55.883 INFO testcase.TestMyAccountPage] -  ----- Preconditons: Navigate to Login Page ----- 
[05-06-2024 18:27:56.390 INFO testcase.TestMyAccountPage] -  ----- Preconditons: Login to Home Page ----- 
[05-06-2024 18:27:57.478 INFO testcase.TestMyAccountPage] - Testcase 01 --- Update information user ---
[05-06-2024 18:27:59.078 INFO testcase.TestMyAccountPage] - Testcase 01 --- Verify information user ---
[05-06-2024 18:27:59.635 INFO testcase.TestMyAccountPage] - Testcase 02 --- My account - Add new address ---
[05-06-2024 18:28:01.992 INFO testcase.TestMyAccountPage] - Testcase 02 --- Verify Add Address Successfully ---
[05-06-2024 18:28:02.536 INFO testcase.TestMyAccountPage] - Testcase 03 --- My account - Change password ---
[05-06-2024 18:28:05.074 INFO testcase.TestMyAccountPage] - Testcase 03 - Login - Input new email after update Customer Info
[05-06-2024 18:28:05.215 INFO testcase.TestMyAccountPage] - Testcase 03 - Login - Input old password to textbox
[05-06-2024 18:28:06.147 INFO testcase.TestMyAccountPage] - Testcase 03 - Login - Input new email after update Customer Info
[05-06-2024 18:28:06.273 INFO testcase.TestMyAccountPage] - Testcase 03 - Login - Input new password after change password
[05-06-2024 18:28:07.364 INFO testcase.TestMyAccountPage] - Testcase 04 --- My account - My product reviews ---
