[15-07-2024 12:03:40.535 INFO testcase.TestRegisterPage] - Testcase 01 --- Register with empty data ---
[15-07-2024 12:03:40.543 INFO testcase.TestRegisterPage] - Testcase 01 - Step 01: Open Nopcommerce Page
[15-07-2024 12:03:49.177 INFO testcase.TestRegisterPage] - --------- PASSED ---------
[15-07-2024 12:03:49.238 INFO testcase.TestRegisterPage] - Testcase 02 --- Register with invalid email ---
[15-07-2024 12:03:50.203 INFO testcase.TestRegisterPage] - --------- PASSED ---------
[15-07-2024 12:03:50.209 INFO testcase.TestRegisterPage] - Testcase 03 --- Register successfully ---
[15-07-2024 12:03:52.120 INFO testcase.TestRegisterPage] - --------- PASSED ---------
[15-07-2024 12:03:53.301 INFO testcase.TestRegisterPage] - Testcase 04 --- Register with duplicate email ---
[15-07-2024 12:03:54.713 INFO testcase.TestRegisterPage] - --------- PASSED ---------
[15-07-2024 12:03:54.717 INFO testcase.TestRegisterPage] - Testcase 05 --- Register with password less than 6 characters ---
[15-07-2024 12:03:55.261 INFO testcase.TestRegisterPage] - Testcase 06 --- Register with confirm password not match password ---
[15-07-2024 12:03:55.941 INFO testcase.TestRegisterPage] - --------- PASSED ---------
[15-07-2024 12:03:57.386 INFO testcase.TestLoginPage] -  ----- Preconditons: Open Home Page ----- 
[15-07-2024 12:04:21.225 INFO testcase.TestLoginPage] - Testcase 01 --- Login with empty data ---
[15-07-2024 12:04:21.374 INFO testcase.TestLoginPage] - Testcase 02 --- Login with empty email ---
[15-07-2024 12:04:21.948 INFO testcase.TestLoginPage] - Testcase 03 --- Login with email not register ---
[15-07-2024 12:04:22.979 INFO testcase.TestLoginPage] - Testcase 04 --- Login with email registered and not input password ---
[15-07-2024 12:04:24.163 INFO testcase.TestLoginPage] - Testcase 05 --- Login with email registered and password incorrect ---
[15-07-2024 12:04:25.278 INFO testcase.TestLoginPage] - Testcase 06 --- Login with correct email and correct password ---
[15-07-2024 12:04:28.040 INFO testcase.TestMyAccountPage] -  ----- Preconditons: Open Home Page ----- 
[15-07-2024 12:04:32.116 INFO testcase.TestMyAccountPage] -  ----- Preconditons: Navigate to Login Page ----- 
[15-07-2024 12:04:32.811 INFO testcase.TestMyAccountPage] -  ----- Preconditons: Login to Home Page ----- 
[15-07-2024 12:04:39.885 INFO testcase.TestMyAccountPage] - Testcase 01 --- Update information user ---
[15-07-2024 12:04:44.669 INFO testcase.TestMyAccountPage] - Testcase 01 --- Verify information user ---
[15-07-2024 12:04:45.228 INFO testcase.TestMyAccountPage] - Testcase 02 --- My account - Add new address ---
[15-07-2024 12:04:49.221 INFO testcase.TestMyAccountPage] - Testcase 02 --- Verify Add Address Successfully ---
[15-07-2024 12:04:49.747 INFO testcase.TestMyAccountPage] - Testcase 03 --- My account - Change password ---
[15-07-2024 12:04:52.146 INFO testcase.TestMyAccountPage] - Testcase 03 - Login - Input new email after update Customer Info
[15-07-2024 12:04:52.262 INFO testcase.TestMyAccountPage] - Testcase 03 - Login - Input old password to textbox
[15-07-2024 12:04:53.225 INFO testcase.TestMyAccountPage] - Testcase 03 - Login - Input new email after update Customer Info
[15-07-2024 12:04:53.360 INFO testcase.TestMyAccountPage] - Testcase 03 - Login - Input new password after change password
[15-07-2024 12:04:54.622 INFO testcase.TestMyAccountPage] - Testcase 04 --- My account - My product reviews ---
